<?xml version="1.0" encoding="UTF-8"?>
<!-- Generated by org.testng.reporters.JUnitXMLReporter -->
<testsuite ignored="0" hostname="DESKTOP-OLM3RMB" failures="0" tests="6" name="ChromeTest" time="24.71" errors="0" timestamp="2022-11-29T11:28:54 IST">
  <testcase classname="lambdatest.SignUpPage" name="@BeforeMethod openBrowser" time="9.095">
    <failure type="org.openqa.selenium.ElementClickInterceptedException" message="Element &amp;lt;a class=&amp;quot;desktop:block xlm:w-140 xl:w-120 w-110 desktop:w-full text-center desktop:ml-0 desktop:mt-10 inline-block py-8 rounded xl:text-size-16 lg:text-size-10 ml-20 fromipad:ml-20 bg-black border border-black hover:bg-transparent hover:text-black text-white desktop:text-center desktop:py-10 ipadpro:ml-10 signup font-bold&amp;quot; href=&amp;quot;https://accounts.lambdatest.com/register&amp;quot;&amp;gt; is not clickable at point (1131,81) because another element &amp;lt;div&amp;gt; obscures it
Build info: version: &amp;apos;4.0.0&amp;apos;, revision: &amp;apos;3a21814679&amp;apos;
System info: host: &amp;apos;DESKTOP-OLM3RMB&amp;apos;, ip: &amp;apos;172.1.2.171&amp;apos;, os.name: &amp;apos;Windows 10&amp;apos;, os.arch: &amp;apos;amd64&amp;apos;, os.version: &amp;apos;10.0&amp;apos;, java.version: &amp;apos;17.0.3&amp;apos;
Driver info: org.openqa.selenium.firefox.FirefoxDriver
Command: [1cc83dde-2b7a-4d5f-9bc9-e5c0c6acf752, clickElement {id=e8a58ed9-ba01-48d5-87f8-6321208971a5}]
Capabilities {acceptInsecureCerts: true, browserName: firefox, browserVersion: 107.0, javascriptEnabled: true, moz:accessibilityChecks: false, moz:buildID: 20221110173214, moz:debuggerAddress: 127.0.0.1:51594, moz:geckodriverVersion: 0.32.0, moz:headless: false, moz:platformVersion: 10.0, moz:processID: 18356, moz:profile: C:\Users\Dell\AppData\Local..., moz:shutdownTimeout: 60000, moz:useNonSpecCompliantPointerOrigin: false, moz:webdriverClick: true, moz:windowless: false, pageLoadStrategy: normal, platform: WINDOWS, platformName: WINDOWS, proxy: Proxy(), se:cdp: ws://127.0.0.1:51594/devtoo..., se:cdpVersion: 85, setWindowRect: true, strictFileInteractability: false, timeouts: {implicit: 0, pageLoad: 300000, script: 30000}, unhandledPromptBehavior: dismiss and notify}
Element: [[FirefoxDriver: firefox on WINDOWS (1cc83dde-2b7a-4d5f-9bc9-e5c0c6acf752)] -&amp;gt; xpath: //a[text()=&amp;apos;Sign Up&amp;apos;]]
Session ID: 1cc83dde-2b7a-4d5f-9bc9-e5c0c6acf752">
      <![CDATA[org.openqa.selenium.ElementClickInterceptedException: Element <a class="desktop:block xlm:w-140 xl:w-120 w-110 desktop:w-full text-center desktop:ml-0 desktop:mt-10 inline-block py-8 rounded xl:text-size-16 lg:text-size-10 ml-20 fromipad:ml-20 bg-black border border-black hover:bg-transparent hover:text-black text-white desktop:text-center desktop:py-10 ipadpro:ml-10 signup font-bold" href="https://accounts.lambdatest.com/register"> is not clickable at point (1131,81) because another element <div> obscures it
Build info: version: '4.0.0', revision: '3a21814679'
System info: host: 'DESKTOP-OLM3RMB', ip: '172.1.2.171', os.name: 'Windows 10', os.arch: 'amd64', os.version: '10.0', java.version: '17.0.3'
Driver info: org.openqa.selenium.firefox.FirefoxDriver
Command: [1cc83dde-2b7a-4d5f-9bc9-e5c0c6acf752, clickElement {id=e8a58ed9-ba01-48d5-87f8-6321208971a5}]
Capabilities {acceptInsecureCerts: true, browserName: firefox, browserVersion: 107.0, javascriptEnabled: true, moz:accessibilityChecks: false, moz:buildID: 20221110173214, moz:debuggerAddress: 127.0.0.1:51594, moz:geckodriverVersion: 0.32.0, moz:headless: false, moz:platformVersion: 10.0, moz:processID: 18356, moz:profile: C:\Users\Dell\AppData\Local..., moz:shutdownTimeout: 60000, moz:useNonSpecCompliantPointerOrigin: false, moz:webdriverClick: true, moz:windowless: false, pageLoadStrategy: normal, platform: WINDOWS, platformName: WINDOWS, proxy: Proxy(), se:cdp: ws://127.0.0.1:51594/devtoo..., se:cdpVersion: 85, setWindowRect: true, strictFileInteractability: false, timeouts: {implicit: 0, pageLoad: 300000, script: 30000}, unhandledPromptBehavior: dismiss and notify}
Element: [[FirefoxDriver: firefox on WINDOWS (1cc83dde-2b7a-4d5f-9bc9-e5c0c6acf752)] -> xpath: //a[text()='Sign Up']]
Session ID: 1cc83dde-2b7a-4d5f-9bc9-e5c0c6acf752
at org.openqa.selenium.remote.codec.w3c.W3CHttpResponseCodec.createException(W3CHttpResponseCodec.java:200)
at org.openqa.selenium.remote.codec.w3c.W3CHttpResponseCodec.decode(W3CHttpResponseCodec.java:133)
at org.openqa.selenium.remote.codec.w3c.W3CHttpResponseCodec.decode(W3CHttpResponseCodec.java:53)
at org.openqa.selenium.remote.HttpCommandExecutor.execute(HttpCommandExecutor.java:184)
at org.openqa.selenium.remote.service.DriverCommandExecutor.invokeExecute(DriverCommandExecutor.java:164)
at org.openqa.selenium.remote.service.DriverCommandExecutor.execute(DriverCommandExecutor.java:139)
at org.openqa.selenium.remote.RemoteWebDriver.execute(RemoteWebDriver.java:559)
at org.openqa.selenium.remote.RemoteWebElement.execute(RemoteWebElement.java:251)
at org.openqa.selenium.remote.RemoteWebElement.click(RemoteWebElement.java:77)
at lambdatest.SignUpPage.openBrowser(SignUpPage.java:53)
at java.base/java.util.ArrayList.forEach(ArrayList.java:1511)
at java.base/java.util.concurrent.FutureTask.run(FutureTask.java:264)
at java.base/java.util.concurrent.ThreadPoolExecutor.runWorker(ThreadPoolExecutor.java:1136)
at java.base/java.util.concurrent.ThreadPoolExecutor$Worker.run(ThreadPoolExecutor.java:635)
at java.base/java.lang.Thread.run(Thread.java:833)
... Removed 26 stack frames]]>
    </failure>
  </testcase> <!-- @BeforeMethod openBrowser -->
  <testcase classname="lambdatest.SignUpPage" name="@AfterMethod RelaunchBrowser" time="0.0">
    <skipped/>
  </testcase> <!-- @AfterMethod RelaunchBrowser -->
  <testcase classname="lambdatest.SignUpPage" name="@BeforeMethod openBrowser" time="0.0">
    <skipped/>
  </testcase> <!-- @BeforeMethod openBrowser -->
  <testcase classname="lambdatest.SignUpPage" name="@AfterMethod RelaunchBrowser" time="0.0">
    <skipped/>
  </testcase> <!-- @AfterMethod RelaunchBrowser -->
  <testcase classname="lambdatest.SignUpPage" name="@BeforeMethod openBrowser" time="0.0">
    <skipped/>
  </testcase> <!-- @BeforeMethod openBrowser -->
  <testcase classname="lambdatest.SignUpPage" name="@AfterMethod RelaunchBrowser" time="0.0">
    <skipped/>
  </testcase> <!-- @AfterMethod RelaunchBrowser -->
  <testcase classname="lambdatest.SignUpPage" name="@BeforeMethod openBrowser" time="0.0">
    <skipped/>
  </testcase> <!-- @BeforeMethod openBrowser -->
  <testcase classname="lambdatest.SignUpPage" name="@AfterMethod RelaunchBrowser" time="0.0">
    <skipped/>
  </testcase> <!-- @AfterMethod RelaunchBrowser -->
  <testcase classname="lambdatest.SignUpPage" name="@BeforeMethod openBrowser" time="0.0">
    <skipped/>
  </testcase> <!-- @BeforeMethod openBrowser -->
  <testcase classname="lambdatest.SignUpPage" name="@AfterMethod RelaunchBrowser" time="0.0">
    <skipped/>
  </testcase> <!-- @AfterMethod RelaunchBrowser -->
  <testcase classname="lambdatest.SignUpPage" name="@BeforeMethod openBrowser" time="0.0">
    <skipped/>
  </testcase> <!-- @BeforeMethod openBrowser -->
  <testcase classname="lambdatest.SignUpPage" name="@AfterMethod RelaunchBrowser" time="0.0">
    <skipped/>
  </testcase> <!-- @AfterMethod RelaunchBrowser -->
  <testcase classname="lambdatest.SignUpPage" name="@AfterClass closeBrowser" time="0.0">
    <skipped/>
  </testcase> <!-- @AfterClass closeBrowser -->
  <testcase classname="lambdatest.SignUpPage" name="businessEmailTextFeild" time="1.314"/>
  <testcase classname="lambdatest.SignUpPage" name="checkTermAndServices" time="1.157"/>
  <testcase classname="lambdatest.SignUpPage" name="desiredPasswordTextfeild" time="1.333"/>
  <testcase classname="lambdatest.SignUpPage" name="fullNameTextfeild" time="0.407"/>
  <testcase classname="lambdatest.SignUpPage" name="phoneTextfeild" time="1.077"/>
  <testcase classname="lambdatest.SignUpPage" name="ragistrationPage" time="1.635"/>
</testsuite> <!-- ChromeTest -->
