<?xml version="1.0" encoding="UTF-8"?>
<!-- Generated by org.testng.reporters.JUnitXMLReporter -->
<testsuite ignored="0" hostname="DESKTOP-OLM3RMB" failures="0" tests="6" name="EdgeTest" time="10.915" errors="0" timestamp="2022-11-29T11:28:40 IST">
  <testcase classname="lambdatest.SignUpPage" name="@BeforeMethod openBrowser" time="6.01">
    <failure type="org.openqa.selenium.ElementNotInteractableException" message="element not interactable
  (Session info: MicrosoftEdge=107.0.1418.56)
Build info: version: &amp;apos;4.0.0&amp;apos;, revision: &amp;apos;3a21814679&amp;apos;
System info: host: &amp;apos;DESKTOP-OLM3RMB&amp;apos;, ip: &amp;apos;172.1.2.171&amp;apos;, os.name: &amp;apos;Windows 10&amp;apos;, os.arch: &amp;apos;amd64&amp;apos;, os.version: &amp;apos;10.0&amp;apos;, java.version: &amp;apos;17.0.3&amp;apos;
Driver info: org.openqa.selenium.edge.EdgeDriver
Command: [152ae1055e0c3a3674d449754634e31e, clickElement {id=53c933bd-7984-43c1-b1b9-d3ca015ba917}]
Capabilities {acceptInsecureCerts: false, browserName: msedge, browserVersion: 107.0.1418.56, javascriptEnabled: true, ms:edgeOptions: {debuggerAddress: localhost:54255}, msedge: {msedgedriverVersion: 107.0.1418.56 (5b47a5c50066..., userDataDir: C:\Users\Dell\AppData\Local...}, networkConnectionEnabled: false, pageLoadStrategy: normal, platform: WINDOWS, platformName: WINDOWS, proxy: Proxy(), se:cdp: ws://localhost:54255/devtoo..., se:cdpVersion: 107.0.1418.56, setWindowRect: true, strictFileInteractability: false, timeouts: {implicit: 0, pageLoad: 300000, script: 30000}, unhandledPromptBehavior: dismiss and notify, webauthn:extension:credBlob: true, webauthn:extension:largeBlob: true, webauthn:virtualAuthenticators: true}
Element: [[EdgeDriver: msedge on WINDOWS (152ae1055e0c3a3674d449754634e31e)] -&amp;gt; xpath: //a[text()=&amp;apos;Sign Up&amp;apos;]]
Session ID: 152ae1055e0c3a3674d449754634e31e">
      <![CDATA[org.openqa.selenium.ElementNotInteractableException: element not interactable
  (Session info: MicrosoftEdge=107.0.1418.56)
Build info: version: '4.0.0', revision: '3a21814679'
System info: host: 'DESKTOP-OLM3RMB', ip: '172.1.2.171', os.name: 'Windows 10', os.arch: 'amd64', os.version: '10.0', java.version: '17.0.3'
Driver info: org.openqa.selenium.edge.EdgeDriver
Command: [152ae1055e0c3a3674d449754634e31e, clickElement {id=53c933bd-7984-43c1-b1b9-d3ca015ba917}]
Capabilities {acceptInsecureCerts: false, browserName: msedge, browserVersion: 107.0.1418.56, javascriptEnabled: true, ms:edgeOptions: {debuggerAddress: localhost:54255}, msedge: {msedgedriverVersion: 107.0.1418.56 (5b47a5c50066..., userDataDir: C:\Users\Dell\AppData\Local...}, networkConnectionEnabled: false, pageLoadStrategy: normal, platform: WINDOWS, platformName: WINDOWS, proxy: Proxy(), se:cdp: ws://localhost:54255/devtoo..., se:cdpVersion: 107.0.1418.56, setWindowRect: true, strictFileInteractability: false, timeouts: {implicit: 0, pageLoad: 300000, script: 30000}, unhandledPromptBehavior: dismiss and notify, webauthn:extension:credBlob: true, webauthn:extension:largeBlob: true, webauthn:virtualAuthenticators: true}
Element: [[EdgeDriver: msedge on WINDOWS (152ae1055e0c3a3674d449754634e31e)] -> xpath: //a[text()='Sign Up']]
Session ID: 152ae1055e0c3a3674d449754634e31e
at org.openqa.selenium.remote.codec.w3c.W3CHttpResponseCodec.createException(W3CHttpResponseCodec.java:200)
at org.openqa.selenium.remote.codec.w3c.W3CHttpResponseCodec.decode(W3CHttpResponseCodec.java:133)
at org.openqa.selenium.remote.codec.w3c.W3CHttpResponseCodec.decode(W3CHttpResponseCodec.java:53)
at org.openqa.selenium.remote.HttpCommandExecutor.execute(HttpCommandExecutor.java:184)
at org.openqa.selenium.remote.service.DriverCommandExecutor.invokeExecute(DriverCommandExecutor.java:164)
at org.openqa.selenium.remote.service.DriverCommandExecutor.execute(DriverCommandExecutor.java:139)
at org.openqa.selenium.remote.RemoteWebDriver.execute(RemoteWebDriver.java:559)
at org.openqa.selenium.remote.RemoteWebElement.execute(RemoteWebElement.java:251)
at org.openqa.selenium.remote.RemoteWebElement.click(RemoteWebElement.java:77)
at lambdatest.SignUpPage.openBrowser(SignUpPage.java:53)
at java.base/java.util.ArrayList.forEach(ArrayList.java:1511)
at java.base/java.util.concurrent.FutureTask.run(FutureTask.java:264)
at java.base/java.util.concurrent.ThreadPoolExecutor.runWorker(ThreadPoolExecutor.java:1136)
at java.base/java.util.concurrent.ThreadPoolExecutor$Worker.run(ThreadPoolExecutor.java:635)
at java.base/java.lang.Thread.run(Thread.java:833)
... Removed 26 stack frames]]>
    </failure>
  </testcase> <!-- @BeforeMethod openBrowser -->
  <testcase classname="lambdatest.SignUpPage" name="@AfterMethod RelaunchBrowser" time="0.0">
    <skipped/>
  </testcase> <!-- @AfterMethod RelaunchBrowser -->
  <testcase classname="lambdatest.SignUpPage" name="@BeforeMethod openBrowser" time="0.0">
    <skipped/>
  </testcase> <!-- @BeforeMethod openBrowser -->
  <testcase classname="lambdatest.SignUpPage" name="@AfterMethod RelaunchBrowser" time="0.0">
    <skipped/>
  </testcase> <!-- @AfterMethod RelaunchBrowser -->
  <testcase classname="lambdatest.SignUpPage" name="@BeforeMethod openBrowser" time="0.0">
    <skipped/>
  </testcase> <!-- @BeforeMethod openBrowser -->
  <testcase classname="lambdatest.SignUpPage" name="@AfterMethod RelaunchBrowser" time="0.0">
    <skipped/>
  </testcase> <!-- @AfterMethod RelaunchBrowser -->
  <testcase classname="lambdatest.SignUpPage" name="@BeforeMethod openBrowser" time="0.0">
    <skipped/>
  </testcase> <!-- @BeforeMethod openBrowser -->
  <testcase classname="lambdatest.SignUpPage" name="@AfterMethod RelaunchBrowser" time="0.0">
    <skipped/>
  </testcase> <!-- @AfterMethod RelaunchBrowser -->
  <testcase classname="lambdatest.SignUpPage" name="@BeforeMethod openBrowser" time="0.0">
    <skipped/>
  </testcase> <!-- @BeforeMethod openBrowser -->
  <testcase classname="lambdatest.SignUpPage" name="@AfterMethod RelaunchBrowser" time="0.0">
    <skipped/>
  </testcase> <!-- @AfterMethod RelaunchBrowser -->
  <testcase classname="lambdatest.SignUpPage" name="@BeforeMethod openBrowser" time="0.0">
    <skipped/>
  </testcase> <!-- @BeforeMethod openBrowser -->
  <testcase classname="lambdatest.SignUpPage" name="@AfterMethod RelaunchBrowser" time="0.0">
    <skipped/>
  </testcase> <!-- @AfterMethod RelaunchBrowser -->
  <testcase classname="lambdatest.SignUpPage" name="@AfterClass closeBrowser" time="0.0">
    <skipped/>
  </testcase> <!-- @AfterClass closeBrowser -->
  <testcase classname="lambdatest.SignUpPage" name="businessEmailTextFeild" time="0.001">
    <skipped/>
  </testcase> <!-- businessEmailTextFeild -->
  <testcase classname="lambdatest.SignUpPage" name="checkTermAndServices" time="0.001">
    <skipped/>
  </testcase> <!-- checkTermAndServices -->
  <testcase classname="lambdatest.SignUpPage" name="desiredPasswordTextfeild" time="0.001">
    <skipped/>
  </testcase> <!-- desiredPasswordTextfeild -->
  <testcase classname="lambdatest.SignUpPage" name="fullNameTextfeild" time="0.0">
    <skipped/>
  </testcase> <!-- fullNameTextfeild -->
  <testcase classname="lambdatest.SignUpPage" name="phoneTextfeild" time="0.001">
    <skipped/>
  </testcase> <!-- phoneTextfeild -->
  <testcase classname="lambdatest.SignUpPage" name="ragistrationPage" time="0.0">
    <skipped/>
  </testcase> <!-- ragistrationPage -->
</testsuite> <!-- EdgeTest -->
