<?xml version="1.0" encoding="UTF-8"?>
<!-- Generated by org.testng.reporters.JUnitReportReporter -->
<testsuite hostname="DESKTOP-OLM3RMB" failures="0" tests="20" name="lambdatest.SignUpPage" time="36.832" errors="2" timestamp="2022-11-29T11:28:54 IST" skipped="12">
  <testcase classname="lambdatest.SignUpPage" name="ragistrationPage" time="0.000">
    <skipped/>
  </testcase> <!-- ragistrationPage -->
  <system-out/>
  <testcase classname="lambdatest.SignUpPage" name="businessEmailTextFeild" time="2.970"/>
  <system-out/>
  <testcase classname="lambdatest.SignUpPage" name="desiredPasswordTextfeild" time="3.285"/>
  <system-out/>
  <testcase classname="lambdatest.SignUpPage" name="openBrowser" time="9.095">
    <error message="Element &lt;a class=&quot;desktop:block xlm:w-140 xl:w-120 w-110 desktop:w-full text-center desktop:ml-0 desktop:mt-10 inline-block py-8 rounded xl:text-size-16 lg:text-size-10 ml-20 fromipad:ml-20 bg-black border border-black hover:bg-transparent hover:text-black text-white desktop:text-center desktop:py-10 ipadpro:ml-10 signup font-bold&quot; href=&quot;https://accounts.lambdatest.com/register&quot;&gt; is not clickable at point (1131,81) because another element &lt;div&gt; obscures it
Build info: version: &#039;4.0.0&#039;, revision: &#039;3a21814679&#039;
System info: host: &#039;DESKTOP-OLM3RMB&#039;, ip: &#039;172.1.2.171&#039;, os.name: &#039;Windows 10&#039;, os.arch: &#039;amd64&#039;, os.version: &#039;10.0&#039;, java.version: &#039;17.0.3&#039;
Driver info: org.openqa.selenium.firefox.FirefoxDriver
Command: [1cc83dde-2b7a-4d5f-9bc9-e5c0c6acf752, clickElement {id=e8a58ed9-ba01-48d5-87f8-6321208971a5}]
Capabilities {acceptInsecureCerts: true, browserName: firefox, browserVersion: 107.0, javascriptEnabled: true, moz:accessibilityChecks: false, moz:buildID: 20221110173214, moz:debuggerAddress: 127.0.0.1:51594, moz:geckodriverVersion: 0.32.0, moz:headless: false, moz:platformVersion: 10.0, moz:processID: 18356, moz:profile: C:\Users\Dell\AppData\Local..., moz:shutdownTimeout: 60000, moz:useNonSpecCompliantPointerOrigin: false, moz:webdriverClick: true, moz:windowless: false, pageLoadStrategy: normal, platform: WINDOWS, platformName: WINDOWS, proxy: Proxy(), se:cdp: ws://127.0.0.1:51594/devtoo..., se:cdpVersion: 85, setWindowRect: true, strictFileInteractability: false, timeouts: {implicit: 0, pageLoad: 300000, script: 30000}, unhandledPromptBehavior: dismiss and notify}
Element: [[FirefoxDriver: firefox on WINDOWS (1cc83dde-2b7a-4d5f-9bc9-e5c0c6acf752)] -&gt; xpath: //a[text()=&#039;Sign Up&#039;]]
Session ID: 1cc83dde-2b7a-4d5f-9bc9-e5c0c6acf752" type="org.openqa.selenium.ElementClickInterceptedException">
      <![CDATA[org.openqa.selenium.ElementClickInterceptedException: Element <a class="desktop:block xlm:w-140 xl:w-120 w-110 desktop:w-full text-center desktop:ml-0 desktop:mt-10 inline-block py-8 rounded xl:text-size-16 lg:text-size-10 ml-20 fromipad:ml-20 bg-black border border-black hover:bg-transparent hover:text-black text-white desktop:text-center desktop:py-10 ipadpro:ml-10 signup font-bold" href="https://accounts.lambdatest.com/register"> is not clickable at point (1131,81) because another element <div> obscures it
Build info: version: '4.0.0', revision: '3a21814679'
System info: host: 'DESKTOP-OLM3RMB', ip: '172.1.2.171', os.name: 'Windows 10', os.arch: 'amd64', os.version: '10.0', java.version: '17.0.3'
Driver info: org.openqa.selenium.firefox.FirefoxDriver
Command: [1cc83dde-2b7a-4d5f-9bc9-e5c0c6acf752, clickElement {id=e8a58ed9-ba01-48d5-87f8-6321208971a5}]
Capabilities {acceptInsecureCerts: true, browserName: firefox, browserVersion: 107.0, javascriptEnabled: true, moz:accessibilityChecks: false, moz:buildID: 20221110173214, moz:debuggerAddress: 127.0.0.1:51594, moz:geckodriverVersion: 0.32.0, moz:headless: false, moz:platformVersion: 10.0, moz:processID: 18356, moz:profile: C:\Users\Dell\AppData\Local..., moz:shutdownTimeout: 60000, moz:useNonSpecCompliantPointerOrigin: false, moz:webdriverClick: true, moz:windowless: false, pageLoadStrategy: normal, platform: WINDOWS, platformName: WINDOWS, proxy: Proxy(), se:cdp: ws://127.0.0.1:51594/devtoo..., se:cdpVersion: 85, setWindowRect: true, strictFileInteractability: false, timeouts: {implicit: 0, pageLoad: 300000, script: 30000}, unhandledPromptBehavior: dismiss and notify}
Element: [[FirefoxDriver: firefox on WINDOWS (1cc83dde-2b7a-4d5f-9bc9-e5c0c6acf752)] -> xpath: //a[text()='Sign Up']]
Session ID: 1cc83dde-2b7a-4d5f-9bc9-e5c0c6acf752
at java.base/jdk.internal.reflect.NativeConstructorAccessorImpl.newInstance0(Native Method)
at java.base/jdk.internal.reflect.NativeConstructorAccessorImpl.newInstance(NativeConstructorAccessorImpl.java:77)
at java.base/jdk.internal.reflect.DelegatingConstructorAccessorImpl.newInstance(DelegatingConstructorAccessorImpl.java:45)
at java.base/java.lang.reflect.Constructor.newInstanceWithCaller(Constructor.java:499)
at java.base/java.lang.reflect.Constructor.newInstance(Constructor.java:480)
at org.openqa.selenium.remote.codec.w3c.W3CHttpResponseCodec.createException(W3CHttpResponseCodec.java:200)
at org.openqa.selenium.remote.codec.w3c.W3CHttpResponseCodec.decode(W3CHttpResponseCodec.java:133)
at org.openqa.selenium.remote.codec.w3c.W3CHttpResponseCodec.decode(W3CHttpResponseCodec.java:53)
at org.openqa.selenium.remote.HttpCommandExecutor.execute(HttpCommandExecutor.java:184)
at org.openqa.selenium.remote.service.DriverCommandExecutor.invokeExecute(DriverCommandExecutor.java:164)
at org.openqa.selenium.remote.service.DriverCommandExecutor.execute(DriverCommandExecutor.java:139)
at org.openqa.selenium.remote.RemoteWebDriver.execute(RemoteWebDriver.java:559)
at org.openqa.selenium.remote.RemoteWebElement.execute(RemoteWebElement.java:251)
at org.openqa.selenium.remote.RemoteWebElement.click(RemoteWebElement.java:77)
at lambdatest.SignUpPage.openBrowser(SignUpPage.java:53)
at java.base/jdk.internal.reflect.NativeMethodAccessorImpl.invoke0(Native Method)
at java.base/jdk.internal.reflect.NativeMethodAccessorImpl.invoke(NativeMethodAccessorImpl.java:77)
at java.base/jdk.internal.reflect.DelegatingMethodAccessorImpl.invoke(DelegatingMethodAccessorImpl.java:43)
at java.base/java.lang.reflect.Method.invoke(Method.java:568)
at org.testng.internal.invokers.MethodInvocationHelper.invokeMethod(MethodInvocationHelper.java:139)
at org.testng.internal.invokers.MethodInvocationHelper.invokeMethodConsideringTimeout(MethodInvocationHelper.java:69)
at org.testng.internal.invokers.ConfigInvoker.invokeConfigurationMethod(ConfigInvoker.java:361)
at org.testng.internal.invokers.ConfigInvoker.invokeConfigurations(ConfigInvoker.java:296)
at org.testng.internal.invokers.TestInvoker.runConfigMethods(TestInvoker.java:816)
at org.testng.internal.invokers.TestInvoker.invokeMethod(TestInvoker.java:590)
at org.testng.internal.invokers.TestInvoker.invokeTestMethod(TestInvoker.java:221)
at org.testng.internal.invokers.MethodRunner.runInSequence(MethodRunner.java:50)
at org.testng.internal.invokers.TestInvoker$MethodInvocationAgent.invoke(TestInvoker.java:962)
at org.testng.internal.invokers.TestInvoker.invokeTestMethods(TestInvoker.java:194)
at org.testng.internal.invokers.TestMethodWorker.invokeTestMethods(TestMethodWorker.java:148)
at org.testng.internal.invokers.TestMethodWorker.run(TestMethodWorker.java:128)
at java.base/java.util.ArrayList.forEach(ArrayList.java:1511)
at org.testng.TestRunner.privateRun(TestRunner.java:806)
at org.testng.TestRunner.run(TestRunner.java:601)
at org.testng.SuiteRunner.runTest(SuiteRunner.java:433)
at org.testng.SuiteRunner$SuiteWorker.run(SuiteRunner.java:471)
at org.testng.internal.thread.ThreadUtil.lambda$execute$0(ThreadUtil.java:58)
at java.base/java.util.concurrent.FutureTask.run(FutureTask.java:264)
at java.base/java.util.concurrent.ThreadPoolExecutor.runWorker(ThreadPoolExecutor.java:1136)
at java.base/java.util.concurrent.ThreadPoolExecutor$Worker.run(ThreadPoolExecutor.java:635)
at java.base/java.lang.Thread.run(Thread.java:833)
]]>
    </error>
  </testcase> <!-- openBrowser -->
  <system-out/>
  <testcase classname="lambdatest.SignUpPage" name="checkTermAndServices" time="0.000">
    <skipped/>
  </testcase> <!-- checkTermAndServices -->
  <system-out/>
  <testcase classname="lambdatest.SignUpPage" name="ragistrationPage" time="0.000">
    <skipped/>
  </testcase> <!-- ragistrationPage -->
  <system-out/>
  <testcase classname="lambdatest.SignUpPage" name="desiredPasswordTextfeild" time="0.000">
    <skipped/>
  </testcase> <!-- desiredPasswordTextfeild -->
  <system-out/>
  <testcase classname="lambdatest.SignUpPage" name="desiredPasswordTextfeild" time="0.001">
    <skipped/>
  </testcase> <!-- desiredPasswordTextfeild -->
  <system-out/>
  <testcase classname="lambdatest.SignUpPage" name="fullNameTextfeild" time="0.000">
    <skipped/>
  </testcase> <!-- fullNameTextfeild -->
  <system-out/>
  <testcase classname="lambdatest.SignUpPage" name="phoneTextfeild" time="0.001">
    <skipped/>
  </testcase> <!-- phoneTextfeild -->
  <system-out/>
  <testcase classname="lambdatest.SignUpPage" name="openBrowser" time="6.010">
    <error message="element not interactable
  (Session info: MicrosoftEdge=107.0.1418.56)
Build info: version: &#039;4.0.0&#039;, revision: &#039;3a21814679&#039;
System info: host: &#039;DESKTOP-OLM3RMB&#039;, ip: &#039;172.1.2.171&#039;, os.name: &#039;Windows 10&#039;, os.arch: &#039;amd64&#039;, os.version: &#039;10.0&#039;, java.version: &#039;17.0.3&#039;
Driver info: org.openqa.selenium.edge.EdgeDriver
Command: [152ae1055e0c3a3674d449754634e31e, clickElement {id=53c933bd-7984-43c1-b1b9-d3ca015ba917}]
Capabilities {acceptInsecureCerts: false, browserName: msedge, browserVersion: 107.0.1418.56, javascriptEnabled: true, ms:edgeOptions: {debuggerAddress: localhost:54255}, msedge: {msedgedriverVersion: 107.0.1418.56 (5b47a5c50066..., userDataDir: C:\Users\Dell\AppData\Local...}, networkConnectionEnabled: false, pageLoadStrategy: normal, platform: WINDOWS, platformName: WINDOWS, proxy: Proxy(), se:cdp: ws://localhost:54255/devtoo..., se:cdpVersion: 107.0.1418.56, setWindowRect: true, strictFileInteractability: false, timeouts: {implicit: 0, pageLoad: 300000, script: 30000}, unhandledPromptBehavior: dismiss and notify, webauthn:extension:credBlob: true, webauthn:extension:largeBlob: true, webauthn:virtualAuthenticators: true}
Element: [[EdgeDriver: msedge on WINDOWS (152ae1055e0c3a3674d449754634e31e)] -&gt; xpath: //a[text()=&#039;Sign Up&#039;]]
Session ID: 152ae1055e0c3a3674d449754634e31e" type="org.openqa.selenium.ElementNotInteractableException">
      <![CDATA[org.openqa.selenium.ElementNotInteractableException: element not interactable
  (Session info: MicrosoftEdge=107.0.1418.56)
Build info: version: '4.0.0', revision: '3a21814679'
System info: host: 'DESKTOP-OLM3RMB', ip: '172.1.2.171', os.name: 'Windows 10', os.arch: 'amd64', os.version: '10.0', java.version: '17.0.3'
Driver info: org.openqa.selenium.edge.EdgeDriver
Command: [152ae1055e0c3a3674d449754634e31e, clickElement {id=53c933bd-7984-43c1-b1b9-d3ca015ba917}]
Capabilities {acceptInsecureCerts: false, browserName: msedge, browserVersion: 107.0.1418.56, javascriptEnabled: true, ms:edgeOptions: {debuggerAddress: localhost:54255}, msedge: {msedgedriverVersion: 107.0.1418.56 (5b47a5c50066..., userDataDir: C:\Users\Dell\AppData\Local...}, networkConnectionEnabled: false, pageLoadStrategy: normal, platform: WINDOWS, platformName: WINDOWS, proxy: Proxy(), se:cdp: ws://localhost:54255/devtoo..., se:cdpVersion: 107.0.1418.56, setWindowRect: true, strictFileInteractability: false, timeouts: {implicit: 0, pageLoad: 300000, script: 30000}, unhandledPromptBehavior: dismiss and notify, webauthn:extension:credBlob: true, webauthn:extension:largeBlob: true, webauthn:virtualAuthenticators: true}
Element: [[EdgeDriver: msedge on WINDOWS (152ae1055e0c3a3674d449754634e31e)] -> xpath: //a[text()='Sign Up']]
Session ID: 152ae1055e0c3a3674d449754634e31e
at java.base/jdk.internal.reflect.NativeConstructorAccessorImpl.newInstance0(Native Method)
at java.base/jdk.internal.reflect.NativeConstructorAccessorImpl.newInstance(NativeConstructorAccessorImpl.java:77)
at java.base/jdk.internal.reflect.DelegatingConstructorAccessorImpl.newInstance(DelegatingConstructorAccessorImpl.java:45)
at java.base/java.lang.reflect.Constructor.newInstanceWithCaller(Constructor.java:499)
at java.base/java.lang.reflect.Constructor.newInstance(Constructor.java:480)
at org.openqa.selenium.remote.codec.w3c.W3CHttpResponseCodec.createException(W3CHttpResponseCodec.java:200)
at org.openqa.selenium.remote.codec.w3c.W3CHttpResponseCodec.decode(W3CHttpResponseCodec.java:133)
at org.openqa.selenium.remote.codec.w3c.W3CHttpResponseCodec.decode(W3CHttpResponseCodec.java:53)
at org.openqa.selenium.remote.HttpCommandExecutor.execute(HttpCommandExecutor.java:184)
at org.openqa.selenium.remote.service.DriverCommandExecutor.invokeExecute(DriverCommandExecutor.java:164)
at org.openqa.selenium.remote.service.DriverCommandExecutor.execute(DriverCommandExecutor.java:139)
at org.openqa.selenium.remote.RemoteWebDriver.execute(RemoteWebDriver.java:559)
at org.openqa.selenium.remote.RemoteWebElement.execute(RemoteWebElement.java:251)
at org.openqa.selenium.remote.RemoteWebElement.click(RemoteWebElement.java:77)
at lambdatest.SignUpPage.openBrowser(SignUpPage.java:53)
at java.base/jdk.internal.reflect.NativeMethodAccessorImpl.invoke0(Native Method)
at java.base/jdk.internal.reflect.NativeMethodAccessorImpl.invoke(NativeMethodAccessorImpl.java:77)
at java.base/jdk.internal.reflect.DelegatingMethodAccessorImpl.invoke(DelegatingMethodAccessorImpl.java:43)
at java.base/java.lang.reflect.Method.invoke(Method.java:568)
at org.testng.internal.invokers.MethodInvocationHelper.invokeMethod(MethodInvocationHelper.java:139)
at org.testng.internal.invokers.MethodInvocationHelper.invokeMethodConsideringTimeout(MethodInvocationHelper.java:69)
at org.testng.internal.invokers.ConfigInvoker.invokeConfigurationMethod(ConfigInvoker.java:361)
at org.testng.internal.invokers.ConfigInvoker.invokeConfigurations(ConfigInvoker.java:296)
at org.testng.internal.invokers.TestInvoker.runConfigMethods(TestInvoker.java:816)
at org.testng.internal.invokers.TestInvoker.invokeMethod(TestInvoker.java:590)
at org.testng.internal.invokers.TestInvoker.invokeTestMethod(TestInvoker.java:221)
at org.testng.internal.invokers.MethodRunner.runInSequence(MethodRunner.java:50)
at org.testng.internal.invokers.TestInvoker$MethodInvocationAgent.invoke(TestInvoker.java:962)
at org.testng.internal.invokers.TestInvoker.invokeTestMethods(TestInvoker.java:194)
at org.testng.internal.invokers.TestMethodWorker.invokeTestMethods(TestMethodWorker.java:148)
at org.testng.internal.invokers.TestMethodWorker.run(TestMethodWorker.java:128)
at java.base/java.util.ArrayList.forEach(ArrayList.java:1511)
at org.testng.TestRunner.privateRun(TestRunner.java:806)
at org.testng.TestRunner.run(TestRunner.java:601)
at org.testng.SuiteRunner.runTest(SuiteRunner.java:433)
at org.testng.SuiteRunner$SuiteWorker.run(SuiteRunner.java:471)
at org.testng.internal.thread.ThreadUtil.lambda$execute$0(ThreadUtil.java:58)
at java.base/java.util.concurrent.FutureTask.run(FutureTask.java:264)
at java.base/java.util.concurrent.ThreadPoolExecutor.runWorker(ThreadPoolExecutor.java:1136)
at java.base/java.util.concurrent.ThreadPoolExecutor$Worker.run(ThreadPoolExecutor.java:635)
at java.base/java.lang.Thread.run(Thread.java:833)
]]>
    </error>
  </testcase> <!-- openBrowser -->
  <system-out/>
  <testcase classname="lambdatest.SignUpPage" name="fullNameTextfeild" time="4.592"/>
  <system-out/>
  <testcase classname="lambdatest.SignUpPage" name="phoneTextfeild" time="4.901"/>
  <system-out/>
  <testcase classname="lambdatest.SignUpPage" name="phoneTextfeild" time="0.000">
    <skipped/>
  </testcase> <!-- phoneTextfeild -->
  <system-out/>
  <testcase classname="lambdatest.SignUpPage" name="businessEmailTextFeild" time="0.001">
    <skipped/>
  </testcase> <!-- businessEmailTextFeild -->
  <system-out/>
  <testcase classname="lambdatest.SignUpPage" name="checkTermAndServices" time="2.975"/>
  <system-out/>
  <testcase classname="lambdatest.SignUpPage" name="fullNameTextfeild" time="0.000">
    <skipped/>
  </testcase> <!-- fullNameTextfeild -->
  <system-out/>
  <testcase classname="lambdatest.SignUpPage" name="ragistrationPage" time="3.000"/>
  <system-out/>
  <testcase classname="lambdatest.SignUpPage" name="businessEmailTextFeild" time="0.000">
    <skipped/>
  </testcase> <!-- businessEmailTextFeild -->
  <system-out/>
  <testcase classname="lambdatest.SignUpPage" name="checkTermAndServices" time="0.001">
    <skipped/>
  </testcase> <!-- checkTermAndServices -->
  <system-out/>
</testsuite> <!-- lambdatest.SignUpPage -->
