<?xml version="1.0" encoding="UTF-8"?>
<!-- Generated by org.testng.reporters.JUnitReportReporter -->
<testsuite hostname="DESKTOP-OLM3RMB" failures="0" tests="6" name="com.realestatecrm.modules.ContactsModuleTC" time="-1666249088.000" errors="1" timestamp="2022-10-20T12:29:19 IST" skipped="5">
  <testcase classname="com.realestatecrm.modules.ContactsModuleTC" name="beforeclass" time="-1666249088.000">
    <error message="
Parameter &#039;username&#039; is required by BeforeClass on method beforeclass but has not been marked @Optional or defined
in C:\Users\Dell\AppData\Local\Temp\testng-eclipse--1667219167\testng-customsuite.xml" type="org.testng.TestNGException">
      <![CDATA[org.testng.TestNGException: 
Parameter 'username' is required by BeforeClass on method beforeclass but has not been marked @Optional or defined
in C:\Users\Dell\AppData\Local\Temp\testng-eclipse--1667219167\testng-customsuite.xml
at org.testng.internal.Parameters.createParams(Parameters.java:267)
at org.testng.internal.Parameters.createParametersForMethod(Parameters.java:355)
at org.testng.internal.Parameters.createParameters(Parameters.java:684)
at org.testng.internal.Parameters.createConfigurationParameters(Parameters.java:166)
at org.testng.internal.invokers.ConfigInvoker.invokeConfigurations(ConfigInvoker.java:277)
at org.testng.internal.invokers.TestMethodWorker.invokeBeforeClassMethods(TestMethodWorker.java:180)
at org.testng.internal.invokers.TestMethodWorker.run(TestMethodWorker.java:122)
at java.base/java.util.ArrayList.forEach(ArrayList.java:1511)
at org.testng.TestRunner.privateRun(TestRunner.java:806)
at org.testng.TestRunner.run(TestRunner.java:601)
at org.testng.SuiteRunner.runTest(SuiteRunner.java:433)
at org.testng.SuiteRunner.runSequentially(SuiteRunner.java:427)
at org.testng.SuiteRunner.privateRun(SuiteRunner.java:387)
at org.testng.SuiteRunner.run(SuiteRunner.java:330)
at org.testng.SuiteRunnerWorker.runSuite(SuiteRunnerWorker.java:52)
at org.testng.SuiteRunnerWorker.run(SuiteRunnerWorker.java:95)
at org.testng.TestNG.runSuitesSequentially(TestNG.java:1256)
at org.testng.TestNG.runSuitesLocally(TestNG.java:1176)
at org.testng.TestNG.runSuites(TestNG.java:1099)
at org.testng.TestNG.run(TestNG.java:1067)
at org.testng.remote.AbstractRemoteTestNG.run(AbstractRemoteTestNG.java:115)
at org.testng.remote.RemoteTestNG.initAndRun(RemoteTestNG.java:251)
at org.testng.remote.RemoteTestNG.main(RemoteTestNG.java:77)
]]>
    </error>
  </testcase> <!-- beforeclass -->
  <system-out/>
  <testcase classname="com.realestatecrm.modules.ContactsModuleTC" name="addContactValidDetails" time="0.000">
    <skipped/>
  </testcase> <!-- addContactValidDetails -->
  <system-out/>
  <testcase classname="com.realestatecrm.modules.ContactsModuleTC" name="addContactWithExitingDetails" time="0.000">
    <skipped/>
  </testcase> <!-- addContactWithExitingDetails -->
  <system-out/>
  <testcase classname="com.realestatecrm.modules.ContactsModuleTC" name="addContactWithNullDetails" time="0.001">
    <skipped/>
  </testcase> <!-- addContactWithNullDetails -->
  <system-out/>
  <testcase classname="com.realestatecrm.modules.ContactsModuleTC" name="editContactTc" time="0.000">
    <skipped/>
  </testcase> <!-- editContactTc -->
  <system-out/>
  <testcase classname="com.realestatecrm.modules.ContactsModuleTC" name="deleteContact" time="0.000">
    <skipped/>
  </testcase> <!-- deleteContact -->
  <system-out/>
</testsuite> <!-- com.realestatecrm.modules.ContactsModuleTC -->
