<?xml version="1.0" encoding="UTF-8"?>
<!-- Generated by org.testng.reporters.JUnitXMLReporter -->
<testsuite ignored="0" hostname="DESKTOP-OLM3RMB" failures="0" tests="6" name="Default test" time="0.098" errors="0" timestamp="2022-11-29T11:26:23 IST">
  <testcase classname="lambdatest.SignUpPage" name="@BeforeClass setup" time="-1.669701383544E9">
    <failure type="org.testng.TestNGException" message="
Parameter &amp;apos;browserName&amp;apos; is required by BeforeClass on method setup but has not been marked @Optional or defined
in C:\Users\Dell\AppData\Local\Temp\testng-eclipse--385283157\testng-customsuite.xml">
      <![CDATA[org.testng.TestNGException: 
Parameter 'browserName' is required by BeforeClass on method setup but has not been marked @Optional or defined
in C:\Users\Dell\AppData\Local\Temp\testng-eclipse--385283157\testng-customsuite.xml
at org.testng.internal.Parameters.createParams(Parameters.java:267)
at org.testng.internal.Parameters.createParametersForMethod(Parameters.java:355)
at org.testng.internal.Parameters.createParameters(Parameters.java:684)
at org.testng.internal.Parameters.createConfigurationParameters(Parameters.java:166)
at org.testng.internal.invokers.ConfigInvoker.invokeConfigurations(ConfigInvoker.java:277)
at org.testng.internal.invokers.TestMethodWorker.invokeBeforeClassMethods(TestMethodWorker.java:180)
at org.testng.internal.invokers.TestMethodWorker.run(TestMethodWorker.java:122)
at java.base/java.util.ArrayList.forEach(ArrayList.java:1511)
at org.testng.TestRunner.privateRun(TestRunner.java:806)
at org.testng.TestRunner.run(TestRunner.java:601)
at org.testng.SuiteRunner.runTest(SuiteRunner.java:433)
at org.testng.SuiteRunner.runSequentially(SuiteRunner.java:427)
at org.testng.SuiteRunner.privateRun(SuiteRunner.java:387)
at org.testng.SuiteRunner.run(SuiteRunner.java:330)
at org.testng.SuiteRunnerWorker.runSuite(SuiteRunnerWorker.java:52)
at org.testng.SuiteRunnerWorker.run(SuiteRunnerWorker.java:95)
at org.testng.TestNG.runSuitesSequentially(TestNG.java:1256)
at org.testng.TestNG.runSuitesLocally(TestNG.java:1176)
at org.testng.TestNG.runSuites(TestNG.java:1099)
at org.testng.TestNG.run(TestNG.java:1067)
at org.testng.remote.AbstractRemoteTestNG.run(AbstractRemoteTestNG.java:115)
at org.testng.remote.RemoteTestNG.initAndRun(RemoteTestNG.java:251)
at org.testng.remote.RemoteTestNG.main(RemoteTestNG.java:77)
]]>
    </failure>
  </testcase> <!-- @BeforeClass setup -->
  <testcase classname="lambdatest.SignUpPage" name="@BeforeMethod openBrowser" time="0.0">
    <skipped/>
  </testcase> <!-- @BeforeMethod openBrowser -->
  <testcase classname="lambdatest.SignUpPage" name="@AfterMethod RelaunchBrowser" time="0.0">
    <skipped/>
  </testcase> <!-- @AfterMethod RelaunchBrowser -->
  <testcase classname="lambdatest.SignUpPage" name="@BeforeMethod openBrowser" time="0.0">
    <skipped/>
  </testcase> <!-- @BeforeMethod openBrowser -->
  <testcase classname="lambdatest.SignUpPage" name="@AfterMethod RelaunchBrowser" time="0.0">
    <skipped/>
  </testcase> <!-- @AfterMethod RelaunchBrowser -->
  <testcase classname="lambdatest.SignUpPage" name="@BeforeMethod openBrowser" time="0.0">
    <skipped/>
  </testcase> <!-- @BeforeMethod openBrowser -->
  <testcase classname="lambdatest.SignUpPage" name="@AfterMethod RelaunchBrowser" time="0.0">
    <skipped/>
  </testcase> <!-- @AfterMethod RelaunchBrowser -->
  <testcase classname="lambdatest.SignUpPage" name="@BeforeMethod openBrowser" time="0.0">
    <skipped/>
  </testcase> <!-- @BeforeMethod openBrowser -->
  <testcase classname="lambdatest.SignUpPage" name="@AfterMethod RelaunchBrowser" time="0.0">
    <skipped/>
  </testcase> <!-- @AfterMethod RelaunchBrowser -->
  <testcase classname="lambdatest.SignUpPage" name="@BeforeMethod openBrowser" time="0.0">
    <skipped/>
  </testcase> <!-- @BeforeMethod openBrowser -->
  <testcase classname="lambdatest.SignUpPage" name="@AfterMethod RelaunchBrowser" time="0.0">
    <skipped/>
  </testcase> <!-- @AfterMethod RelaunchBrowser -->
  <testcase classname="lambdatest.SignUpPage" name="@BeforeMethod openBrowser" time="0.0">
    <skipped/>
  </testcase> <!-- @BeforeMethod openBrowser -->
  <testcase classname="lambdatest.SignUpPage" name="@AfterMethod RelaunchBrowser" time="0.0">
    <skipped/>
  </testcase> <!-- @AfterMethod RelaunchBrowser -->
  <testcase classname="lambdatest.SignUpPage" name="@AfterClass closeBrowser" time="0.0">
    <skipped/>
  </testcase> <!-- @AfterClass closeBrowser -->
  <testcase classname="lambdatest.SignUpPage" name="businessEmailTextFeild" time="0.0">
    <skipped/>
  </testcase> <!-- businessEmailTextFeild -->
  <testcase classname="lambdatest.SignUpPage" name="checkTermAndServices" time="0.0">
    <skipped/>
  </testcase> <!-- checkTermAndServices -->
  <testcase classname="lambdatest.SignUpPage" name="desiredPasswordTextfeild" time="0.001">
    <skipped/>
  </testcase> <!-- desiredPasswordTextfeild -->
  <testcase classname="lambdatest.SignUpPage" name="fullNameTextfeild" time="0.0">
    <skipped/>
  </testcase> <!-- fullNameTextfeild -->
  <testcase classname="lambdatest.SignUpPage" name="phoneTextfeild" time="0.001">
    <skipped/>
  </testcase> <!-- phoneTextfeild -->
  <testcase classname="lambdatest.SignUpPage" name="ragistrationPage" time="0.0">
    <skipped/>
  </testcase> <!-- ragistrationPage -->
</testsuite> <!-- Default test -->
